{"/home/juliofreitas/courses/react-router-dom/react-ts/src/components/multiSelectDemo/Chip/index.tsx": {"path":"/home/juliofreitas/courses/react-router-dom/react-ts/src/components/multiSelectDemo/Chip/index.tsx","statementMap":{"0":{"start":{"line":3,"column":20},"end":{"line":8,"column":null}},"1":{"start":{"line":4,"column":2},"end":{"line":8,"column":null}}},"fnMap":{"0":{"name":"(anonymous_0)","decl":{"start":{"line":3,"column":20},"end":{"line":3,"column":21}},"loc":{"start":{"line":4,"column":2},"end":{"line":8,"column":null}}}},"branchMap":{},"s":{"0":1,"1":1},"f":{"0":1},"b":{}}
,"/home/juliofreitas/courses/react-router-dom/react-ts/src/components/multiSelectDemo/Label/index.tsx": {"path":"/home/juliofreitas/courses/react-router-dom/react-ts/src/components/multiSelectDemo/Label/index.tsx","statementMap":{"0":{"start":{"line":3,"column":21},"end":{"line":5,"column":null}},"1":{"start":{"line":4,"column":2},"end":{"line":5,"column":null}}},"fnMap":{"0":{"name":"(anonymous_0)","decl":{"start":{"line":3,"column":21},"end":{"line":3,"column":22}},"loc":{"start":{"line":4,"column":2},"end":{"line":5,"column":null}}}},"branchMap":{},"s":{"0":1,"1":1},"f":{"0":1},"b":{}}
,"/home/juliofreitas/courses/react-router-dom/react-ts/src/components/multiSelectDemo/MultiSelect/index.tsx": {"path":"/home/juliofreitas/courses/react-router-dom/react-ts/src/components/multiSelectDemo/MultiSelect/index.tsx","statementMap":{"0":{"start":{"line":3,"column":31},"end":{"line":5,"column":null}},"1":{"start":{"line":4,"column":2},"end":{"line":5,"column":null}}},"fnMap":{"0":{"name":"(anonymous_0)","decl":{"start":{"line":3,"column":31},"end":{"line":3,"column":32}},"loc":{"start":{"line":4,"column":2},"end":{"line":5,"column":null}}}},"branchMap":{},"s":{"0":1,"1":1},"f":{"0":1},"b":{}}
,"/home/juliofreitas/courses/react-router-dom/react-ts/src/components/multiSelectDemo/Option/index.tsx": {"path":"/home/juliofreitas/courses/react-router-dom/react-ts/src/components/multiSelectDemo/Option/index.tsx","statementMap":{"0":{"start":{"line":3,"column":22},"end":{"line":10,"column":null}},"1":{"start":{"line":4,"column":2},"end":{"line":10,"column":null}}},"fnMap":{"0":{"name":"(anonymous_0)","decl":{"start":{"line":3,"column":22},"end":{"line":3,"column":23}},"loc":{"start":{"line":4,"column":2},"end":{"line":10,"column":null}}}},"branchMap":{},"s":{"0":1,"1":1},"f":{"0":1},"b":{}}
,"/home/juliofreitas/courses/react-router-dom/react-ts/src/components/multiSelectDemo/Search/index.tsx": {"path":"/home/juliofreitas/courses/react-router-dom/react-ts/src/components/multiSelectDemo/Search/index.tsx","statementMap":{"0":{"start":{"line":3,"column":22},"end":{"line":3,"column":null}},"1":{"start":{"line":3,"column":53},"end":{"line":3,"column":null}}},"fnMap":{"0":{"name":"(anonymous_0)","decl":{"start":{"line":3,"column":22},"end":{"line":3,"column":23}},"loc":{"start":{"line":3,"column":53},"end":{"line":3,"column":null}}}},"branchMap":{},"s":{"0":1,"1":1},"f":{"0":1},"b":{}}
,"/home/juliofreitas/courses/react-router-dom/react-ts/src/components/multiSelectDemo/Toggle/index.tsx": {"path":"/home/juliofreitas/courses/react-router-dom/react-ts/src/components/multiSelectDemo/Toggle/index.tsx","statementMap":{"0":{"start":{"line":8,"column":22},"end":{"line":10,"column":2}}},"fnMap":{"0":{"name":"(anonymous_0)","decl":{"start":{"line":8,"column":22},"end":{"line":8,"column":23}},"loc":{"start":{"line":8,"column":54},"end":{"line":10,"column":2}}}},"branchMap":{"0":{"loc":{"start":{"line":9,"column":15},"end":{"line":9,"column":null}},"type":"binary-expr","locations":[{"start":{"line":9,"column":15},"end":{"line":9,"column":23}},{"start":{"line":9,"column":23},"end":{"line":9,"column":null}}]}},"s":{"0":1},"f":{"0":2},"b":{"0":[2,1]}}
}
